<?xml version="1.0" encoding="UTF-8"?>
<!-- Generated by org.testng.reporters.JUnitReportReporter -->
<testsuite hostname="DESKTOP-380UJ2J" failures="0" tests="6" name="testNGKeywords.Priority" time="0.011" errors="0" timestamp="2022-12-30T05:09:35 IST" skipped="0">
  <testcase classname="testNGKeywords.Priority" name="loginbutton" time="0.007"/>
  <system-out>
    <![CDATA[login is valid]]>
  </system-out>
  <testcase classname="testNGKeywords.Priority" name="passwordfield" time="0.001"/>
  <system-out>
    <![CDATA[passwordfield  is valid]]>
  </system-out>
  <testcase classname="testNGKeywords.Priority" name="pagelayout" time="0.001"/>
  <system-out>
    <![CDATA[pageboarder is valid]]>
  </system-out>
  <testcase classname="testNGKeywords.Priority" name="signup" time="0.001"/>
  <system-out>
    <![CDATA[sign up  is valid]]>
  </system-out>
  <testcase classname="testNGKeywords.Priority" name="submitbutton" time="0.001"/>
  <system-out>
    <![CDATA[submit button is valid]]>
  </system-out>
  <testcase classname="testNGKeywords.Priority" name="logout" time="0.000"/>
  <system-out>
    <![CDATA[log out is valid]]>
  </system-out>
</testsuite> <!-- testNGKeywords.Priority -->
