<?xml version="1.0" encoding="UTF-8"?>
<!-- Generated by org.testng.reporters.JUnitReportReporter -->
<testsuite hostname="DESKTOP-380UJ2J" failures="0" tests="2" name="testNG_study.Neostox_eg2" time="7.955" errors="0" timestamp="2023-01-28T00:53:24 IST" skipped="0">
  <testcase classname="testNG_study.Neostox_eg2" name="Neostoxlauch" time="4.238"/>
  <system-out/>
  <testcase classname="testNG_study.Neostox_eg2" name="upstoxlauch" time="3.717"/>
  <system-out/>
</testsuite> <!-- testNG_study.Neostox_eg2 -->
