<?xml version="1.0" encoding="UTF-8"?>
<!-- Generated by org.testng.reporters.JUnitReportReporter -->
<testsuite hostname="DESKTOP-380UJ2J" failures="0" tests="1" name="serialParallelExecution.MyTest2" time="2.700" errors="0" timestamp="2023-01-28T00:55:27 IST" skipped="0">
  <testcase classname="serialParallelExecution.MyTest2" name="Fb" time="2.700"/>
  <system-out/>
</testsuite> <!-- serialParallelExecution.MyTest2 -->
