<?xml version="1.0" encoding="UTF-8"?>
<!-- Generated by org.testng.reporters.JUnitReportReporter -->
<testsuite hostname="DESKTOP-380UJ2J" failures="0" tests="1" name="testNG_xml_study.Neostox4" time="0.005" errors="0" timestamp="2023-01-01T22:49:42 IST" skipped="0">
  <testcase classname="testNG_xml_study.Neostox4" name="f" time="0.005"/>
  <system-out>
    <![CDATA[f is running]]>
  </system-out>
</testsuite> <!-- testNG_xml_study.Neostox4 -->
