<?xml version="1.0" encoding="UTF-8"?>
<!-- Generated by org.testng.reporters.JUnitReportReporter -->
<testsuite hostname="DESKTOP-380UJ2J" failures="0" tests="1" name="testNGannotation.NewTest" time="0.003" errors="0" timestamp="2022-12-30T04:36:13 IST" skipped="0">
  <testcase classname="testNGannotation.NewTest" name="validateTheUserName" time="0.003"/>
  <system-out>
    <![CDATA[validating user name is going on]]>
  </system-out>
</testsuite> <!-- testNGannotation.NewTest -->
