<?xml version="1.0" encoding="UTF-8"?>
<!-- Generated by org.testng.reporters.JUnitReportReporter -->
<testsuite hostname="DESKTOP-380UJ2J" failures="0" tests="2" name="testNG_xml_study.Neostox3" time="0.001" errors="0" timestamp="2023-01-01T22:49:42 IST" skipped="0">
  <testcase classname="testNG_xml_study.Neostox3" name="a" time="0.000"/>
  <system-out>
    <![CDATA[a is running]]>
  </system-out>
  <testcase classname="testNG_xml_study.Neostox3" name="d" time="0.001"/>
  <system-out>
    <![CDATA[d is running]]>
  </system-out>
</testsuite> <!-- testNG_xml_study.Neostox3 -->
