<?xml version="1.0" encoding="UTF-8"?>
<!-- Generated by org.testng.reporters.JUnitReportReporter -->
<testsuite hostname="DESKTOP-380UJ2J" failures="0" tests="1" name="verification_usingTestNG.AssertNull" time="0.006" errors="0" timestamp="2023-01-03T12:35:44 IST" skipped="0">
  <testcase classname="verification_usingTestNG.AssertNull" name="nullcheck" time="0.006"/>
  <system-out/>
</testsuite> <!-- verification_usingTestNG.AssertNull -->
