<?xml version="1.0" encoding="UTF-8"?>
<!-- Generated by org.testng.reporters.JUnitReportReporter -->
<testsuite hostname="DESKTOP-380UJ2J" failures="0" tests="1" name="testNG_study.Neostox_eg1" time="4.941" errors="0" timestamp="2022-12-28T16:41:06 IST" skipped="0">
  <testcase classname="testNG_study.Neostox_eg1" name="neoStoxLaunch" time="4.941"/>
  <system-out>
    <![CDATA[hii this is reporter]]>
  </system-out>
</testsuite> <!-- testNG_study.Neostox_eg1 -->
