<?xml version="1.0" encoding="UTF-8"?>
<!-- Generated by org.testng.reporters.JUnitReportReporter -->
<testsuite hostname="DESKTOP-380UJ2J" failures="0" tests="1" name="geckoTest.GeckoTesting" time="3.930" errors="0" timestamp="2023-01-03T18:03:28 IST" skipped="0">
  <testcase classname="geckoTest.GeckoTesting" name="firefoxtesting" time="3.930"/>
  <system-out/>
</testsuite> <!-- geckoTest.GeckoTesting -->
