<?xml version="1.0" encoding="UTF-8"?>
<!-- Generated by org.testng.reporters.JUnitReportReporter -->
<testsuite hostname="DESKTOP-380UJ2J" failures="0" tests="6" name="testNGKeywords.Invocation_count" time="0.013" errors="0" timestamp="2022-12-30T04:55:48 IST" skipped="0">
  <testcase classname="testNGKeywords.Invocation_count" name="TC3" time="0.001"/>
  <system-out>
    <![CDATA[Test case 3 is running]]>
  </system-out>
  <testcase classname="testNGKeywords.Invocation_count" name="TC1" time="0.000"/>
  <system-out>
    <![CDATA[Test case 1 is running]]>
  </system-out>
  <testcase classname="testNGKeywords.Invocation_count" name="TC1" time="0.008"/>
  <system-out>
    <![CDATA[Test case 1 is running]]>
  </system-out>
  <testcase classname="testNGKeywords.Invocation_count" name="TC4" time="0.001"/>
  <system-out>
    <![CDATA[Test case 4 is running]]>
  </system-out>
  <testcase classname="testNGKeywords.Invocation_count" name="TC1" time="0.002"/>
  <system-out>
    <![CDATA[Test case 1 is running]]>
  </system-out>
  <testcase classname="testNGKeywords.Invocation_count" name="TC2" time="0.001"/>
  <system-out>
    <![CDATA[Test case 2 is running]]>
  </system-out>
</testsuite> <!-- testNGKeywords.Invocation_count -->
