<?xml version="1.0" encoding="UTF-8"?>
<!-- Generated by org.testng.reporters.JUnitReportReporter -->
<testsuite hostname="DESKTOP-380UJ2J" failures="0" tests="4" name="testNGKeywords.Enabled" time="0.009" errors="0" timestamp="2022-12-30T05:16:56 IST" skipped="1">
  <testcase classname="testNGKeywords.Enabled" name="d" time="0.001"/>
  <system-out>
    <![CDATA[TC d is running]]>
  </system-out>
  <testcase classname="testNGKeywords.Enabled" name="c" time="0.000"/>
  <system-out>
    <![CDATA[TC c is running]]>
  </system-out>
  <testcase classname="testNGKeywords.Enabled" name="b" time="0.008"/>
  <system-out>
    <![CDATA[TC b is running]]>
  </system-out>
  <testcase classname="testNGKeywords.Enabled" name="a">
    <skipped/>
  </testcase> <!-- a -->
  <system-out/>
</testsuite> <!-- testNGKeywords.Enabled -->
