<?xml version="1.0" encoding="UTF-8"?>
<!-- Generated by org.testng.reporters.JUnitReportReporter -->
<testsuite hostname="DESKTOP-380UJ2J" failures="0" tests="4" name="testNGKeywords.Multiple_keywords" time="0.008" errors="0" timestamp="2022-12-31T21:23:52 IST" skipped="0">
  <testcase classname="testNGKeywords.Multiple_keywords" name="a" time="0.006"/>
  <system-out>
    <![CDATA[a is runing]]>
  </system-out>
  <testcase classname="testNGKeywords.Multiple_keywords" name="b" time="0.001"/>
  <system-out>
    <![CDATA[b is runing]]>
  </system-out>
  <testcase classname="testNGKeywords.Multiple_keywords" name="c" time="0.001"/>
  <system-out>
    <![CDATA[c is runing]]>
  </system-out>
  <testcase classname="testNGKeywords.Multiple_keywords" name="d" time="0.000"/>
  <system-out>
    <![CDATA[d is runing]]>
  </system-out>
</testsuite> <!-- testNGKeywords.Multiple_keywords -->
