<?xml version="1.0" encoding="UTF-8"?>
<!-- Generated by org.testng.reporters.JUnitReportReporter -->
<testsuite hostname="DESKTOP-380UJ2J" failures="0" tests="1" name="testNG.First_testNG" time="6.242" errors="0" timestamp="2022-12-23T00:03:27 IST" skipped="0">
  <testcase classname="testNG.First_testNG" name="neoStoxLaunch" time="6.242"/>
  <system-out/>
</testsuite> <!-- testNG.First_testNG -->
