<?xml version="1.0" encoding="UTF-8"?>
<!-- Generated by org.testng.reporters.JUnitReportReporter -->
<testsuite hostname="DESKTOP-380UJ2J" failures="0" tests="2" name="geckoTest.crossBrowserTesting" time="6.859" errors="0" timestamp="2023-01-28T13:31:03 IST" skipped="0">
  <testcase classname="geckoTest.crossBrowserTesting" name="cbTesting" time="2.458"/>
  <system-out/>
  <testcase classname="geckoTest.crossBrowserTesting" name="cbTesting" time="4.401"/>
  <system-out/>
</testsuite> <!-- geckoTest.crossBrowserTesting -->
