<?xml version="1.0" encoding="UTF-8"?>
<!-- Generated by org.testng.reporters.JUnitReportReporter -->
<testsuite hostname="DESKTOP-380UJ2J" failures="0" tests="1" name="verification_usingTestNG.Radiobuttonselection" time="19.298" errors="0" timestamp="2023-01-03T12:21:15 IST" skipped="0">
  <testcase classname="verification_usingTestNG.Radiobuttonselection" name="ValidateRadioButtonStatus" time="19.298"/>
  <system-out/>
</testsuite> <!-- verification_usingTestNG.Radiobuttonselection -->
