<?xml version="1.0" encoding="UTF-8"?>
<!-- Generated by org.testng.reporters.JUnitReportReporter -->
<testsuite hostname="DESKTOP-380UJ2J" failures="0" tests="5" name="testNGKeywords.DependsOn" time="0.008" errors="0" timestamp="2022-12-30T05:31:23 IST" skipped="1">
  <testcase classname="testNGKeywords.DependsOn" name="tc4" time="0.000"/>
  <system-out>
    <![CDATA[tc 4 is running]]>
  </system-out>
  <testcase classname="testNGKeywords.DependsOn" name="tc1" time="0.006"/>
  <system-out>
    <![CDATA[tc 1 is running]]>
  </system-out>
  <testcase classname="testNGKeywords.DependsOn" name="tc5" time="0.001"/>
  <system-out>
    <![CDATA[tc 5 is running]]>
  </system-out>
  <testcase classname="testNGKeywords.DependsOn" name="tc3" time="0.001"/>
  <system-out>
    <![CDATA[tc 3 is running]]>
  </system-out>
  <testcase classname="testNGKeywords.DependsOn" name="tc2">
    <skipped/>
  </testcase> <!-- tc2 -->
  <system-out/>
</testsuite> <!-- testNGKeywords.DependsOn -->
