<?xml version="1.0" encoding="UTF-8"?>
<!-- Generated by org.testng.reporters.JUnitReportReporter -->
<testsuite hostname="DESKTOP-380UJ2J" failures="0" tests="1" name="verification_usingTestNG.AssertEquals" time="0.007" errors="0" timestamp="2023-01-02T21:46:16 IST" skipped="0">
  <testcase classname="verification_usingTestNG.AssertEquals" name="f" time="0.007"/>
  <system-out/>
</testsuite> <!-- verification_usingTestNG.AssertEquals -->
