<?xml version="1.0" encoding="UTF-8"?>
<!-- Generated by org.testng.reporters.JUnitReportReporter -->
<testsuite hostname="DESKTOP-380UJ2J" failures="0" tests="2" name="testNG_xml_study.Neostox" time="0.006" errors="0" timestamp="2022-12-31T21:58:50 IST" skipped="0">
  <testcase classname="testNG_xml_study.Neostox" name="c" time="0.001"/>
  <system-out>
    <![CDATA[c is running]]>
  </system-out>
  <testcase classname="testNG_xml_study.Neostox" name="b" time="0.005"/>
  <system-out>
    <![CDATA[b is running]]>
  </system-out>
</testsuite> <!-- testNG_xml_study.Neostox -->
