<?xml version="1.0" encoding="UTF-8"?>
<!-- Generated by org.testng.reporters.JUnitReportReporter -->
<testsuite hostname="DESKTOP-380UJ2J" failures="0" tests="1" name="pomClassesUsingDDF.ValidateUserpageNeostoxUSINGtestNG" time="7.830" errors="0" timestamp="2023-01-30T16:25:24 IST" skipped="0">
  <testcase classname="pomClassesUsingDDF.ValidateUserpageNeostoxUSINGtestNG" name="ValidateNeostoxApp" time="7.830"/>
  <system-out/>
</testsuite> <!-- pomClassesUsingDDF.ValidateUserpageNeostoxUSINGtestNG -->
