<?xml version="1.0" encoding="UTF-8"?>
<!-- Generated by org.testng.reporters.JUnitReportReporter -->
<testsuite hostname="DESKTOP-380UJ2J" failures="0" tests="2" name="testNGannotation.NewTest1" time="0.007" errors="0" timestamp="2022-12-29T00:39:04 IST" skipped="0">
  <testcase classname="testNGannotation.NewTest1" name="addtocart" time="0.005"/>
  <system-out>
    <![CDATA[add to cart is running]]>
  </system-out>
  <testcase classname="testNGannotation.NewTest1" name="shop" time="0.002"/>
  <system-out>
    <![CDATA[shopping method is running]]>
  </system-out>
</testsuite> <!-- testNGannotation.NewTest1 -->
