<?xml version="1.0" encoding="UTF-8"?>
<!-- Generated by org.testng.reporters.JUnitReportReporter -->
<testsuite hostname="DESKTOP-380UJ2J" failures="0" tests="3" name="testNGannotation.MyTestNg" time="0.009" errors="0" timestamp="2022-12-28T22:55:27 IST" skipped="0">
  <testcase classname="testNGannotation.MyTestNg" name="addtocart" time="0.004"/>
  <system-out>
    <![CDATA[add to cart is running ]]>
  </system-out>
  <testcase classname="testNGannotation.MyTestNg" name="validateUN" time="0.003"/>
  <system-out>
    <![CDATA[validation is going on]]>
  </system-out>
  <testcase classname="testNGannotation.MyTestNg" name="validateACbalance" time="0.002"/>
  <system-out>
    <![CDATA[account balance validating ]]>
  </system-out>
</testsuite> <!-- testNGannotation.MyTestNg -->
