<?xml version="1.0" encoding="UTF-8"?>
<!-- Generated by org.testng.reporters.JUnitReportReporter -->
<testsuite hostname="DESKTOP-380UJ2J" failures="0" tests="1" name="pomClassesUsingDDF.ValidateNeostoxUserName" time="9.121" errors="0" timestamp="2023-01-28T17:58:58 IST" skipped="0">
  <testcase classname="pomClassesUsingDDF.ValidateNeostoxUserName" name="ValidateUserName" time="9.121"/>
  <system-out>
    <![CDATA[Get Actual UserName ]]>
  </system-out>
</testsuite> <!-- pomClassesUsingDDF.ValidateNeostoxUserName -->
