<?xml version="1.0" encoding="UTF-8"?>
<!-- Generated by org.testng.reporters.JUnitReportReporter -->
<testsuite hostname="DESKTOP-380UJ2J" failures="0" tests="2" name="testNG_xml_study.Neostox2" time="0.005" errors="0" timestamp="2022-12-31T23:25:15 IST" skipped="0">
  <testcase classname="testNG_xml_study.Neostox2" name="h" time="0.005"/>
  <system-out>
    <![CDATA[h is running]]>
  </system-out>
  <testcase classname="testNG_xml_study.Neostox2" name="g" time="0.000"/>
  <system-out>
    <![CDATA[g is running]]>
  </system-out>
</testsuite> <!-- testNG_xml_study.Neostox2 -->
