<?xml version="1.0" encoding="UTF-8"?>
<!-- Generated by org.testng.reporters.JUnitReportReporter -->
<testsuite hostname="DESKTOP-380UJ2J" failures="0" tests="1" name="pomClassesUsingDDF.ExcelDataRead" time="0.470" errors="0" timestamp="2023-01-29T17:40:17 IST" skipped="0">
  <testcase classname="pomClassesUsingDDF.ExcelDataRead" name="testing" time="0.470"/>
  <system-out/>
</testsuite> <!-- pomClassesUsingDDF.ExcelDataRead -->
